\BOOKMARK [1][-]{section.1}{\376\377\174\373\176\337\166\356\150\007}{}% 1
\BOOKMARK [1][-]{section.2}{\376\377\227\000\154\102\122\006\147\220}{}% 2
\BOOKMARK [2][-]{subsection.2.1}{\376\377\122\237\200\375\122\006\147\220}{section.2}% 3
\BOOKMARK [3][-]{subsubsection.2.1.1}{\376\377\122\237\200\375\143\317\217\360}{subsection.2.1}% 4
\BOOKMARK [4][-]{paragraph.2.1.1.1}{\376\377\165\050\142\067\122\237\200\375}{subsubsection.2.1.1}% 5
\BOOKMARK [4][-]{paragraph.2.1.1.2}{\376\377\173\241\164\006\124\130\122\237\200\375}{subsubsection.2.1.1}% 6
\BOOKMARK [3][-]{subsubsection.2.1.2}{\376\377\220\073\217\221\122\006\147\220\116\016\136\372\152\041}{subsection.2.1}% 7
\BOOKMARK [4][-]{paragraph.2.1.2.1}{\376\377\165\050\142\067\215\046\142\067\173\241\164\006}{subsubsection.2.1.2}% 8
\BOOKMARK [4][-]{paragraph.2.1.2.2}{\376\377\136\026\133\120\173\241\164\006}{subsubsection.2.1.2}% 9
\BOOKMARK [4][-]{paragraph.2.1.2.3}{\376\377\136\026\133\120\126\336\131\015\173\241\164\006}{subsubsection.2.1.2}% 10
\BOOKMARK [4][-]{paragraph.2.1.2.4}{\376\377\173\241\164\006\124\130\215\046\142\067\173\241\164\006}{subsubsection.2.1.2}% 11
\BOOKMARK [4][-]{paragraph.2.1.2.5}{\376\377\173\241\164\006\124\130\136\026\133\120\152\041\127\127\173\241\164\006}{subsubsection.2.1.2}% 12
\BOOKMARK [4][-]{paragraph.2.1.2.6}{\376\377\173\241\164\006\124\130\136\026\133\120\173\241\164\006}{subsubsection.2.1.2}% 13
\BOOKMARK [2][-]{subsection.2.2}{\376\377\227\136\122\237\200\375\122\006\147\220}{section.2}% 14
\BOOKMARK [3][-]{subsubsection.2.2.1}{\376\377\140\047\200\375\227\000\154\102}{subsection.2.2}% 15
\BOOKMARK [3][-]{subsubsection.2.2.2}{\376\377\133\211\121\150\140\047\227\000\154\102}{subsection.2.2}% 16
\BOOKMARK [3][-]{subsubsection.2.2.3}{\376\377\123\357\227\140\140\047\227\000\154\102}{subsection.2.2}% 17
\BOOKMARK [3][-]{subsubsection.2.2.4}{\376\377\123\357\165\050\140\047\227\000\154\102}{subsection.2.2}% 18
\BOOKMARK [3][-]{subsubsection.2.2.5}{\376\377\123\357\176\364\142\244\140\047\227\000\154\102}{subsection.2.2}% 19
\BOOKMARK [3][-]{subsubsection.2.2.6}{\376\377\123\357\142\323\134\125\140\047\227\000\154\102}{subsection.2.2}% 20
\BOOKMARK [1][-]{section.3}{\376\377\174\373\176\337\213\276\213\241}{}% 21
\BOOKMARK [2][-]{subsection.3.1}{\376\377\122\237\200\375\122\022\122\006}{section.3}% 22
\BOOKMARK [3][-]{subsubsection.3.1.1}{\376\377\165\050\142\067\215\046\142\067\173\241\164\006}{subsection.3.1}% 23
\BOOKMARK [3][-]{subsubsection.3.1.2}{\376\377\136\026\133\120\173\241\164\006}{subsection.3.1}% 24
\BOOKMARK [3][-]{subsubsection.3.1.3}{\376\377\136\026\133\120\126\336\131\015\173\241\164\006}{subsection.3.1}% 25
\BOOKMARK [3][-]{subsubsection.3.1.4}{\376\377\136\026\133\120\152\041\127\127\173\241\164\006}{subsection.3.1}% 26
\BOOKMARK [2][-]{subsection.3.2}{\376\377\122\237\200\375\213\276\213\241}{section.3}% 27
\BOOKMARK [3][-]{subsubsection.3.2.1}{\376\377\215\046\142\067\173\241\164\006}{subsection.3.2}% 28
\BOOKMARK [4][-]{paragraph.3.2.1.1}{\376\377\165\050\142\067\154\350\121\214\124\214\166\173\137\125\174\276\176\306\174\173\126\376}{subsubsection.3.2.1}% 29
\BOOKMARK [4][-]{paragraph.3.2.1.2}{\376\377\154\350\121\214\124\214\166\173\137\125\145\366\136\217\126\376}{subsubsection.3.2.1}% 30
\BOOKMARK [3][-]{subsubsection.3.2.2}{\376\377\136\026\133\120\173\241\164\006}{subsection.3.2}% 31
\BOOKMARK [4][-]{paragraph.3.2.2.1}{\376\377\136\026\133\120\123\321\136\003\124\214\155\117\211\310\174\276\176\306\174\173\126\376}{subsubsection.3.2.2}% 32
\BOOKMARK [4][-]{paragraph.3.2.2.2}{\376\377\136\026\133\120\123\321\136\003\124\214\155\117\211\310\145\366\136\217\126\376}{subsubsection.3.2.2}% 33
\BOOKMARK [3][-]{subsubsection.3.2.3}{\376\377\213\304\213\272\173\241\164\006}{subsection.3.2}% 34
\BOOKMARK [4][-]{paragraph.3.2.3.1}{\376\377\213\304\213\272\123\321\136\003\124\214\155\117\211\310\174\276\176\306\174\173\126\376}{subsubsection.3.2.3}% 35
\BOOKMARK [4][-]{paragraph.3.2.3.2}{\376\377\213\304\213\272\123\321\136\003\124\214\155\117\211\310\145\366\136\217\126\376}{subsubsection.3.2.3}% 36
\BOOKMARK [3][-]{subsubsection.3.2.4}{\376\377\152\041\127\127\173\241\164\006}{subsection.3.2}% 37
\BOOKMARK [4][-]{paragraph.3.2.4.1}{\376\377\152\041\127\127\173\241\164\006\174\276\176\306\174\173\126\376}{subsubsection.3.2.4}% 38
\BOOKMARK [4][-]{paragraph.3.2.4.2}{\376\377\152\041\127\127\173\241\164\006\145\366\136\217\126\376}{subsubsection.3.2.4}% 39
\BOOKMARK [2][-]{subsection.3.3}{\376\377\165\114\227\142\213\276\213\241}{section.3}% 40
\BOOKMARK [3][-]{subsubsection.3.3.1}{\376\377\165\050\142\067\166\173\137\125}{subsection.3.3}% 41
\BOOKMARK [3][-]{subsubsection.3.3.2}{\376\377\165\050\142\067\154\350\121\214}{subsection.3.3}% 42
\BOOKMARK [3][-]{subsubsection.3.3.3}{\376\377\136\026\133\120\165\114\227\142}{subsection.3.3}% 43
\BOOKMARK [3][-]{subsubsection.3.3.4}{\376\377\213\304\213\272\165\114\227\142}{subsection.3.3}% 44
\BOOKMARK [3][-]{subsubsection.3.3.5}{\376\377\173\241\164\006\124\130\165\114\227\142}{subsection.3.3}% 45
\BOOKMARK [2][-]{subsection.3.4}{\376\377\227\136\122\237\200\375\213\276\213\241}{section.3}% 46
\BOOKMARK [3][-]{subsubsection.3.4.1}{\376\377\140\047\200\375\227\000\154\102}{subsection.3.4}% 47
\BOOKMARK [3][-]{subsubsection.3.4.2}{\376\377\133\211\121\150\140\047\227\000\154\102}{subsection.3.4}% 48
\BOOKMARK [3][-]{subsubsection.3.4.3}{\376\377\123\357\227\140\140\047\227\000\154\102}{subsection.3.4}% 49
\BOOKMARK [3][-]{subsubsection.3.4.4}{\376\377\123\357\165\050\140\047\227\000\154\102}{subsection.3.4}% 50
\BOOKMARK [3][-]{subsubsection.3.4.5}{\376\377\123\357\176\364\142\244\140\047\227\000\154\102}{subsection.3.4}% 51
\BOOKMARK [3][-]{subsubsection.3.4.6}{\376\377\123\357\142\323\134\125\140\047\227\000\154\102}{subsection.3.4}% 52
\BOOKMARK [1][-]{section.4}{\376\377\145\160\143\156\136\223\213\276\213\241}{}% 53
\BOOKMARK [2][-]{subsection.4.1}{\376\377\220\073\217\221\136\372\152\041}{section.4}% 54
\BOOKMARK [2][-]{subsection.4.2}{\376\377\145\160\143\156\136\223\213\276\213\241}{section.4}% 55
\BOOKMARK [3][-]{subsubsection.4.2.1}{\376\377\165\050\142\067\210\150}{subsection.4.2}% 56
\BOOKMARK [3][-]{subsubsection.4.2.2}{\376\377\136\026\133\120\210\150}{subsection.4.2}% 57
\BOOKMARK [3][-]{subsubsection.4.2.3}{\376\377\213\304\213\272\210\150}{subsection.4.2}% 58
\BOOKMARK [3][-]{subsubsection.4.2.4}{\376\377\152\041\127\127\210\150}{subsection.4.2}% 59
\BOOKMARK [1][-]{section.5}{\376\377\174\373\176\337\133\236\163\260}{}% 60
\BOOKMARK [2][-]{subsection.5.1}{\376\377\174\373\176\337\221\115\177\156}{section.5}% 61
\BOOKMARK [2][-]{subsection.5.2}{\376\377\174\373\176\337\116\073\230\165\227\142}{section.5}% 62
\BOOKMARK [2][-]{subsection.5.3}{\376\377\174\373\176\337\122\237\200\375\133\236\163\260}{section.5}% 63
\BOOKMARK [3][-]{subsubsection.5.3.1}{\376\377\215\046\123\367\173\241\164\006\122\237\200\375\133\236\163\260}{subsection.5.3}% 64
\BOOKMARK [3][-]{subsubsection.5.3.2}{\376\377\136\026\133\120\173\241\164\006\122\237\200\375\133\236\163\260}{subsection.5.3}% 65
\BOOKMARK [3][-]{subsubsection.5.3.3}{\376\377\213\304\213\272\173\241\164\006\122\237\200\375\133\236\163\260}{subsection.5.3}% 66
\BOOKMARK [3][-]{subsubsection.5.3.4}{\376\377\152\041\127\127\173\241\164\006\122\237\200\375\133\236\163\260}{subsection.5.3}% 67
\BOOKMARK [2][-]{subsection.5.4}{\376\377\174\373\176\337\155\113\213\325}{section.5}% 68
\BOOKMARK [3][-]{subsubsection.5.4.1}{\376\377\165\050\142\067\215\046\142\067\173\241\164\006\155\113\213\325}{subsection.5.4}% 69
\BOOKMARK [3][-]{subsubsection.5.4.2}{\376\377\136\026\133\120\173\241\164\006\155\113\213\325}{subsection.5.4}% 70
\BOOKMARK [3][-]{subsubsection.5.4.3}{\376\377\213\304\213\272\173\241\164\006\155\113\213\325}{subsection.5.4}% 71
\BOOKMARK [3][-]{subsubsection.5.4.4}{\376\377\152\041\127\127\173\241\164\006\155\113\213\325}{subsection.5.4}% 72
\BOOKMARK [1][-]{section.6}{\376\377\116\373\122\241\122\006\135\345}{}% 73
\BOOKMARK [1][-]{section.7}{\376\377\140\073\176\323\116\016\117\123\117\032}{}% 74
\BOOKMARK [2][-]{subsection.7.1}{\376\377\140\073\176\323}{section.7}% 75
